<?xml version="1.0" encoding="UTF-8"?>
<testng-results skipped="0" failed="0" ignored="0" total="1" passed="1">
  <reporter-output>
  </reporter-output>
  <suite name="Suite" duration-ms="53" started-at="2020-04-02T17:32:01 IST" finished-at="2020-04-02T17:32:01 IST">
    <groups>
    </groups>
    <test name="Test12" duration-ms="53" started-at="2020-04-02T17:32:01 IST" finished-at="2020-04-02T17:32:01 IST">
      <class name="com.code.java.selenium.App">
        <test-method status="PASS" signature="main1()[pri:0, instance:com.code.java.selenium.App@548e7350]" name="main1" duration-ms="6" started-at="2020-04-02T17:32:01 IST" finished-at="2020-04-02T17:32:01 IST">
          <reporter-output>
          </reporter-output>
        </test-method> <!-- main1 -->
      </class> <!-- com.code.java.selenium.App -->
    </test> <!-- Test12 -->
  </suite> <!-- Suite -->
</testng-results>
